<?xml version="1.0" encoding="UTF-8"?>
<!-- Generated by org.testng.reporters.JUnitReportReporter -->
<testsuite hostname="LAPTOP-RMK290R9" failures="0" tests="1" name="tests.alljobs.AllJobs" time="38.893" errors="0" timestamp="2024-07-19T15:55:34 IDT" skipped="0">
  <testcase classname="tests.alljobs.AllJobs" name="tc01_runAllJobs" time="38.893"/>
  <system-out/>
</testsuite> <!-- tests.alljobs.AllJobs -->
