<?xml version="1.0" encoding="UTF-8"?>
<!-- Generated by org.testng.reporters.JUnitReportReporter -->
<testsuite hostname="LAPTOP-RMK290R9" failures="0" tests="1" name="tests.jobnet.Jobnet" time="482.427" errors="0" timestamp="2024-07-19T15:55:34 IDT" skipped="0">
  <testcase classname="tests.jobnet.Jobnet" name="tc01_RunJobnet" time="482.427"/>
  <system-out/>
</testsuite> <!-- tests.jobnet.Jobnet -->
