<?xml version="1.0" encoding="UTF-8"?>
<!-- Generated by org.testng.reporters.JUnitReportReporter -->
<testsuite skipped="0" hostname="LAPTOP-RMK290R9" name="tests.alljobs.AllJobs" tests="1" failures="0" timestamp="2023-09-08T12:30:12 IDT" time="37.106" errors="0">
  <testcase name="tc01_runAllJobs" time="37.106" classname="tests.alljobs.AllJobs"/>
  <system-out/>
</testsuite> <!-- tests.alljobs.AllJobs -->
