<?xml version="1.0" encoding="UTF-8"?>
<!-- Generated by org.testng.reporters.JUnitReportReporter -->
<testsuite hostname="LAPTOP-RMK290R9" failures="0" tests="1" name="tests.sqlink.Sqlink" time="301.635" errors="0" timestamp="2024-07-19T15:55:34 IDT" skipped="0">
  <testcase classname="tests.sqlink.Sqlink" name="tc01_runSqlink" time="301.635"/>
  <system-out/>
</testsuite> <!-- tests.sqlink.Sqlink -->
