<?xml version="1.0" encoding="UTF-8"?>
<!-- Generated by org.testng.reporters.JUnitReportReporter -->
<testsuite skipped="0" hostname="LAPTOP-RMK290R9" name="tests.sqlink.Sqlink" tests="1" failures="0" timestamp="2023-09-08T12:30:12 IDT" time="185.843" errors="0">
  <testcase name="tc01_runSqlink" time="185.843" classname="tests.sqlink.Sqlink"/>
  <system-out/>
</testsuite> <!-- tests.sqlink.Sqlink -->
