<?xml version="1.0" encoding="UTF-8"?>
<!-- Generated by org.testng.reporters.JUnitReportReporter -->
<testsuite skipped="0" hostname="LAPTOP-RMK290R9" name="tests.jobnet.Jobnet" tests="1" failures="0" timestamp="2023-09-08T12:30:12 IDT" time="153.532" errors="0">
  <testcase name="tc01_RunJobnet" time="153.532" classname="tests.jobnet.Jobnet"/>
  <system-out/>
</testsuite> <!-- tests.jobnet.Jobnet -->
